2025-09-15 21:11:52 | INFO | Processed JSON message: {'message': 'JSON makes life easier.', 'author': 'Bob'}
2025-09-15 21:11:52 | INFO | Message received from author: Bob
2025-09-15 21:11:52 | INFO | Updated author counts: {'Eve': 6, 'Alice': 13, 'Charlie': 6, 'Diana': 14, 'Bob': 7}
2025-09-15 21:11:52 | INFO | Chart updated successfully for message: {"message": "JSON makes life easier.", "author": "Bob"}
2025-09-15 21:11:55 | INFO | Sent message to topic 'buzzline_json': {'message': 'This is a buzz message.', 'author': 'Bob'}
2025-09-15 21:11:55 | INFO | Processed JSON message: {'message': 'This is a buzz message.', 'author': 'Bob'}
2025-09-15 21:11:55 | INFO | Message received from author: Bob
2025-09-15 21:11:55 | INFO | Updated author counts: {'Eve': 6, 'Alice': 13, 'Charlie': 6, 'Diana': 14, 'Bob': 8}
2025-09-15 21:11:55 | INFO | Chart updated successfully for message: {"message": "This is a buzz message.", "author": "Bob"}
2025-09-15 21:11:58 | INFO | Sent message to topic 'buzzline_json': {'message': 'Streaming data is fun.', 'author': 'Diana'}
2025-09-15 21:11:58 | INFO | Processed JSON message: {'message': 'Streaming data is fun.', 'author': 'Diana'}
2025-09-15 21:11:58 | INFO | Message received from author: Diana
2025-09-15 21:11:58 | INFO | Updated author counts: {'Eve': 6, 'Alice': 13, 'Charlie': 6, 'Diana': 15, 'Bob': 8}
2025-09-15 21:11:58 | INFO | Chart updated successfully for message: {"message": "Streaming data is fun.", "author": "Diana"}
2025-09-15 21:12:01 | INFO | Sent message to topic 'buzzline_json': {'message': 'Have a great day!', 'author': 'Bob'}
2025-09-15 21:12:01 | INFO | Processed JSON message: {'message': 'Have a great day!', 'author': 'Bob'}
2025-09-15 21:12:01 | INFO | Message received from author: Bob
2025-09-15 21:12:01 | INFO | Updated author counts: {'Eve': 6, 'Alice': 13, 'Charlie': 6, 'Diana': 15, 'Bob': 9}
2025-09-15 21:12:01 | INFO | Chart updated successfully for message: {"message": "Have a great day!", "author": "Bob"}
2025-09-15 21:12:04 | INFO | Sent message to topic 'buzzline_json': {'message': 'This is a buzz message.', 'author': 'Eve'}
2025-09-15 21:12:04 | INFO | Processed JSON message: {'message': 'This is a buzz message.', 'author': 'Eve'}
2025-09-15 21:12:04 | INFO | Message received from author: Eve
2025-09-15 21:12:04 | INFO | Updated author counts: {'Eve': 7, 'Alice': 13, 'Charlie': 6, 'Diana': 15, 'Bob': 9}
2025-09-15 21:12:04 | INFO | Chart updated successfully for message: {"message": "This is a buzz message.", "author": "Eve"}
2025-09-15 21:12:07 | INFO | Sent message to topic 'buzzline_json': {'message': 'Hello, Kafka world!', 'author': 'Bob'}
2025-09-15 21:12:07 | INFO | Processed JSON message: {'message': 'Hello, Kafka world!', 'author': 'Bob'}
2025-09-15 21:12:07 | INFO | Message received from author: Bob
2025-09-15 21:12:07 | INFO | Updated author counts: {'Eve': 7, 'Alice': 13, 'Charlie': 6, 'Diana': 15, 'Bob': 10}
2025-09-15 21:12:07 | INFO | Chart updated successfully for message: {"message": "Hello, Kafka world!", "author": "Bob"}
2025-09-15 21:12:10 | INFO | Sent message to topic 'buzzline_json': {'message': 'This is a buzz message.', 'author': 'Alice'}
2025-09-15 21:12:10 | INFO | Processed JSON message: {'message': 'This is a buzz message.', 'author': 'Alice'}
2025-09-15 21:12:10 | INFO | Message received from author: Alice
2025-09-15 21:12:10 | INFO | Updated author counts: {'Eve': 7, 'Alice': 14, 'Charlie': 6, 'Diana': 15, 'Bob': 10}
2025-09-15 21:12:10 | INFO | Chart updated successfully for message: {"message": "This is a buzz message.", "author": "Alice"}
2025-09-15 21:12:13 | INFO | Sent message to topic 'buzzline_json': {'message': 'Streaming data is fun.', 'author': 'Eve'}
2025-09-15 21:12:13 | INFO | Processed JSON message: {'message': 'Streaming data is fun.', 'author': 'Eve'}
2025-09-15 21:12:13 | INFO | Message received from author: Eve
2025-09-15 21:12:13 | INFO | Updated author counts: {'Eve': 8, 'Alice': 14, 'Charlie': 6, 'Diana': 15, 'Bob': 10}
2025-09-15 21:12:13 | INFO | Chart updated successfully for message: {"message": "Streaming data is fun.", "author": "Eve"}
2025-09-15 21:12:16 | INFO | Sent message to topic 'buzzline_json': {'message': 'Kafka is awesome.', 'author': 'Alice'}
2025-09-15 21:12:16 | INFO | Processed JSON message: {'message': 'Kafka is awesome.', 'author': 'Alice'}
2025-09-15 21:12:16 | INFO | Message received from author: Alice
2025-09-15 21:12:16 | INFO | Updated author counts: {'Eve': 8, 'Alice': 15, 'Charlie': 6, 'Diana': 15, 'Bob': 10}
2025-09-15 21:12:16 | INFO | Chart updated successfully for message: {"message": "Kafka is awesome.", "author": "Alice"}
2025-09-15 21:12:19 | INFO | Sent message to topic 'buzzline_json': {'message': 'JSON makes life easier.', 'author': 'Bob'}
2025-09-15 21:12:19 | INFO | Processed JSON message: {'message': 'JSON makes life easier.', 'author': 'Bob'}
2025-09-15 21:12:19 | INFO | Message received from author: Bob
2025-09-15 21:12:19 | INFO | Updated author counts: {'Eve': 8, 'Alice': 15, 'Charlie': 6, 'Diana': 15, 'Bob': 11}
2025-09-15 21:12:19 | INFO | Chart updated successfully for message: {"message": "JSON makes life easier.", "author": "Bob"}
2025-09-15 21:12:22 | INFO | Sent message to topic 'buzzline_json': {'message': 'This is a buzz message.', 'author': 'Charlie'}
2025-09-15 21:12:22 | INFO | Processed JSON message: {'message': 'This is a buzz message.', 'author': 'Charlie'}
2025-09-15 21:12:22 | INFO | Message received from author: Charlie
2025-09-15 21:12:22 | INFO | Updated author counts: {'Eve': 8, 'Alice': 15, 'Charlie': 7, 'Diana': 15, 'Bob': 11}
2025-09-15 21:12:22 | INFO | Chart updated successfully for message: {"message": "This is a buzz message.", "author": "Charlie"}
2025-09-15 21:12:25 | INFO | Sent message to topic 'buzzline_json': {'message': 'Have a great day!', 'author': 'Diana'}
2025-09-15 21:12:25 | INFO | Processed JSON message: {'message': 'Have a great day!', 'author': 'Diana'}
2025-09-15 21:12:25 | INFO | Message received from author: Diana
2025-09-15 21:12:25 | INFO | Updated author counts: {'Eve': 8, 'Alice': 15, 'Charlie': 7, 'Diana': 16, 'Bob': 11}
2025-09-15 21:12:25 | INFO | Chart updated successfully for message: {"message": "Have a great day!", "author": "Diana"}
2025-09-15 21:12:28 | INFO | Sent message to topic 'buzzline_json': {'message': 'Distributed systems are fascinating.', 'author': 'Bob'}
2025-09-15 21:12:28 | INFO | Processed JSON message: {'message': 'Distributed systems are fascinating.', 'author': 'Bob'}
2025-09-15 21:12:28 | INFO | Message received from author: Bob
2025-09-15 21:12:28 | INFO | Updated author counts: {'Eve': 8, 'Alice': 15, 'Charlie': 7, 'Diana': 16, 'Bob': 12}
2025-09-15 21:12:28 | INFO | Chart updated successfully for message: {"message": "Distributed systems are fascinating.", "author": "Bob"}
2025-09-15 21:12:31 | INFO | Sent message to topic 'buzzline_json': {'message': 'Kafka is awesome.', 'author': 'Alice'}
2025-09-15 21:12:31 | INFO | Processed JSON message: {'message': 'Kafka is awesome.', 'author': 'Alice'}
2025-09-15 21:12:31 | INFO | Message received from author: Alice
2025-09-15 21:12:31 | INFO | Updated author counts: {'Eve': 8, 'Alice': 16, 'Charlie': 7, 'Diana': 16, 'Bob': 12}
2025-09-15 21:12:31 | WARNING | Consumer interrupted by user.
2025-09-15 21:12:31 | INFO | Kafka consumer for topic 'buzzline_json' closed.
2025-09-15 21:12:31 | INFO | END consumer for topic 'buzzline_json' and group 'buzz_group'.
2025-09-15 21:12:34 | INFO | Sent message to topic 'buzzline_json': {'message': 'Streaming data is fun.', 'author': 'Alice'}
2025-09-15 21:12:36 | WARNING | Producer interrupted by user.
2025-09-15 21:12:36 | INFO | Kafka producer closed.
2025-09-15 21:12:36 | INFO | END producer.
