2025-09-15 21:11:52 | INFO | Processed JSON message: {'message': 'JSON makes life easier.', 'author': 'Bob'}
2025-09-15 21:11:52 | INFO | Message received from author: Bob
2025-09-15 21:11:52 | INFO | Updated author counts: {'Eve': 6, 'Alice': 13, 'Charlie': 6, 'Diana': 14, 'Bob': 7}
2025-09-15 21:11:52 | INFO | Chart updated successfully for message: {"message": "JSON makes life easier.", "author": "Bob"}
2025-09-15 21:11:55 | INFO | Sent message to topic 'buzzline_json': {'message': 'This is a buzz message.', 'author': 'Bob'}
2025-09-15 21:11:55 | INFO | Processed JSON message: {'message': 'This is a buzz message.', 'author': 'Bob'}
2025-09-15 21:11:55 | INFO | Message received from author: Bob
2025-09-15 21:11:55 | INFO | Updated author counts: {'Eve': 6, 'Alice': 13, 'Charlie': 6, 'Diana': 14, 'Bob': 8}
2025-09-15 21:11:55 | INFO | Chart updated successfully for message: {"message": "This is a buzz message.", "author": "Bob"}
2025-09-15 21:11:58 | INFO | Sent message to topic 'buzzline_json': {'message': 'Streaming data is fun.', 'author': 'Diana'}
2025-09-15 21:11:58 | INFO | Processed JSON message: {'message': 'Streaming data is fun.', 'author': 'Diana'}
2025-09-15 21:11:58 | INFO | Message received from author: Diana
2025-09-15 21:11:58 | INFO | Updated author counts: {'Eve': 6, 'Alice': 13, 'Charlie': 6, 'Diana': 15, 'Bob': 8}
2025-09-15 21:11:58 | INFO | Chart updated successfully for message: {"message": "Streaming data is fun.", "author": "Diana"}
2025-09-15 21:12:01 | INFO | Sent message to topic 'buzzline_json': {'message': 'Have a great day!', 'author': 'Bob'}
2025-09-15 21:12:01 | INFO | Processed JSON message: {'message': 'Have a great day!', 'author': 'Bob'}
2025-09-15 21:12:01 | INFO | Message received from author: Bob
2025-09-15 21:12:01 | INFO | Updated author counts: {'Eve': 6, 'Alice': 13, 'Charlie': 6, 'Diana': 15, 'Bob': 9}
2025-09-15 21:12:01 | INFO | Chart updated successfully for message: {"message": "Have a great day!", "author": "Bob"}
2025-09-15 21:12:04 | INFO | Sent message to topic 'buzzline_json': {'message': 'This is a buzz message.', 'author': 'Eve'}
2025-09-15 21:12:04 | INFO | Processed JSON message: {'message': 'This is a buzz message.', 'author': 'Eve'}
2025-09-15 21:12:04 | INFO | Message received from author: Eve
2025-09-15 21:12:04 | INFO | Updated author counts: {'Eve': 7, 'Alice': 13, 'Charlie': 6, 'Diana': 15, 'Bob': 9}
2025-09-15 21:12:04 | INFO | Chart updated successfully for message: {"message": "This is a buzz message.", "author": "Eve"}
2025-09-15 21:12:07 | INFO | Sent message to topic 'buzzline_json': {'message': 'Hello, Kafka world!', 'author': 'Bob'}
2025-09-15 21:12:07 | INFO | Processed JSON message: {'message': 'Hello, Kafka world!', 'author': 'Bob'}
2025-09-15 21:12:07 | INFO | Message received from author: Bob
2025-09-15 21:12:07 | INFO | Updated author counts: {'Eve': 7, 'Alice': 13, 'Charlie': 6, 'Diana': 15, 'Bob': 10}
2025-09-15 21:12:07 | INFO | Chart updated successfully for message: {"message": "Hello, Kafka world!", "author": "Bob"}
2025-09-15 21:12:10 | INFO | Sent message to topic 'buzzline_json': {'message': 'This is a buzz message.', 'author': 'Alice'}
2025-09-15 21:12:10 | INFO | Processed JSON message: {'message': 'This is a buzz message.', 'author': 'Alice'}
2025-09-15 21:12:10 | INFO | Message received from author: Alice
2025-09-15 21:12:10 | INFO | Updated author counts: {'Eve': 7, 'Alice': 14, 'Charlie': 6, 'Diana': 15, 'Bob': 10}
2025-09-15 21:12:10 | INFO | Chart updated successfully for message: {"message": "This is a buzz message.", "author": "Alice"}
2025-09-15 21:12:13 | INFO | Sent message to topic 'buzzline_json': {'message': 'Streaming data is fun.', 'author': 'Eve'}
2025-09-15 21:12:13 | INFO | Processed JSON message: {'message': 'Streaming data is fun.', 'author': 'Eve'}
2025-09-15 21:12:13 | INFO | Message received from author: Eve
2025-09-15 21:12:13 | INFO | Updated author counts: {'Eve': 8, 'Alice': 14, 'Charlie': 6, 'Diana': 15, 'Bob': 10}
2025-09-15 21:12:13 | INFO | Chart updated successfully for message: {"message": "Streaming data is fun.", "author": "Eve"}
2025-09-15 21:12:16 | INFO | Sent message to topic 'buzzline_json': {'message': 'Kafka is awesome.', 'author': 'Alice'}
2025-09-15 21:12:16 | INFO | Processed JSON message: {'message': 'Kafka is awesome.', 'author': 'Alice'}
2025-09-15 21:12:16 | INFO | Message received from author: Alice
2025-09-15 21:12:16 | INFO | Updated author counts: {'Eve': 8, 'Alice': 15, 'Charlie': 6, 'Diana': 15, 'Bob': 10}
2025-09-15 21:12:16 | INFO | Chart updated successfully for message: {"message": "Kafka is awesome.", "author": "Alice"}
2025-09-15 21:12:19 | INFO | Sent message to topic 'buzzline_json': {'message': 'JSON makes life easier.', 'author': 'Bob'}
2025-09-15 21:12:19 | INFO | Processed JSON message: {'message': 'JSON makes life easier.', 'author': 'Bob'}
2025-09-15 21:12:19 | INFO | Message received from author: Bob
2025-09-15 21:12:19 | INFO | Updated author counts: {'Eve': 8, 'Alice': 15, 'Charlie': 6, 'Diana': 15, 'Bob': 11}
2025-09-15 21:12:19 | INFO | Chart updated successfully for message: {"message": "JSON makes life easier.", "author": "Bob"}
2025-09-15 21:12:22 | INFO | Sent message to topic 'buzzline_json': {'message': 'This is a buzz message.', 'author': 'Charlie'}
2025-09-15 21:12:22 | INFO | Processed JSON message: {'message': 'This is a buzz message.', 'author': 'Charlie'}
2025-09-15 21:12:22 | INFO | Message received from author: Charlie
2025-09-15 21:12:22 | INFO | Updated author counts: {'Eve': 8, 'Alice': 15, 'Charlie': 7, 'Diana': 15, 'Bob': 11}
2025-09-15 21:12:22 | INFO | Chart updated successfully for message: {"message": "This is a buzz message.", "author": "Charlie"}
2025-09-15 21:12:25 | INFO | Sent message to topic 'buzzline_json': {'message': 'Have a great day!', 'author': 'Diana'}
2025-09-15 21:12:25 | INFO | Processed JSON message: {'message': 'Have a great day!', 'author': 'Diana'}
2025-09-15 21:12:25 | INFO | Message received from author: Diana
2025-09-15 21:12:25 | INFO | Updated author counts: {'Eve': 8, 'Alice': 15, 'Charlie': 7, 'Diana': 16, 'Bob': 11}
2025-09-15 21:12:25 | INFO | Chart updated successfully for message: {"message": "Have a great day!", "author": "Diana"}
2025-09-15 21:12:28 | INFO | Sent message to topic 'buzzline_json': {'message': 'Distributed systems are fascinating.', 'author': 'Bob'}
2025-09-15 21:12:28 | INFO | Processed JSON message: {'message': 'Distributed systems are fascinating.', 'author': 'Bob'}
2025-09-15 21:12:28 | INFO | Message received from author: Bob
2025-09-15 21:12:28 | INFO | Updated author counts: {'Eve': 8, 'Alice': 15, 'Charlie': 7, 'Diana': 16, 'Bob': 12}
2025-09-15 21:12:28 | INFO | Chart updated successfully for message: {"message": "Distributed systems are fascinating.", "author": "Bob"}
2025-09-15 21:12:31 | INFO | Sent message to topic 'buzzline_json': {'message': 'Kafka is awesome.', 'author': 'Alice'}
2025-09-15 21:12:31 | INFO | Processed JSON message: {'message': 'Kafka is awesome.', 'author': 'Alice'}
2025-09-15 21:12:31 | INFO | Message received from author: Alice
2025-09-15 21:12:31 | INFO | Updated author counts: {'Eve': 8, 'Alice': 16, 'Charlie': 7, 'Diana': 16, 'Bob': 12}
2025-09-15 21:12:31 | WARNING | Consumer interrupted by user.
2025-09-15 21:12:31 | INFO | Kafka consumer for topic 'buzzline_json' closed.
2025-09-15 21:12:31 | INFO | END consumer for topic 'buzzline_json' and group 'buzz_group'.
2025-09-15 21:12:34 | INFO | Sent message to topic 'buzzline_json': {'message': 'Streaming data is fun.', 'author': 'Alice'}
2025-09-15 21:12:36 | WARNING | Producer interrupted by user.
2025-09-15 21:12:36 | INFO | Kafka producer closed.
2025-09-15 21:12:36 | INFO | END producer.
2025-09-15 21:15:08 | INFO | Logging to file: logs/project_log.log
2025-09-15 21:15:08 | INFO | Log sanitization enabled, personal info removed
2025-09-15 21:15:08 | INFO | Project root: PROJECT_ROOT
2025-09-15 21:15:08 | INFO | Data folder: PROJECT_ROOT/data
2025-09-15 21:15:08 | INFO | Data file: PROJECT_ROOT/data/smoker_temps.csv
2025-09-15 21:15:08 | INFO | START producer.
2025-09-15 21:15:08 | INFO | Kafka broker address: localhost:9092
2025-09-15 21:15:08 | INFO | Kafka is ready. Brokers: {'throttle_time_ms': 0, 'brokers': [{'node_id': 1, 'host': 'localhost', 'port': 9092, 'rack': None}], 'cluster_id': '_qad_MQZRtmfrbOLzRMSMg', 'controller_id': 1}
2025-09-15 21:15:08 | INFO | Kafka topic: smoker_csv
2025-09-15 21:15:08 | INFO | Message interval: 5 seconds
2025-09-15 21:15:08 | INFO | Kafka broker address: localhost:9092
2025-09-15 21:15:08 | INFO | Connecting to Kafka broker at localhost:9092...
2025-09-15 21:15:09 | INFO | Kafka producer successfully created.
2025-09-15 21:15:09 | INFO | Kafka broker address: localhost:9092
2025-09-15 21:15:09 | INFO | Topic 'smoker_csv' already exists. Recreating fresh...
2025-09-15 21:15:09 | INFO | Requested deletion of topic 'smoker_csv'.
2025-09-15 21:15:09 | INFO | Topic 'smoker_csv' created successfully.
2025-09-15 21:15:09 | INFO | Kafka topic 'smoker_csv' is ready.
2025-09-15 21:15:09 | INFO | Starting message production to topic 'smoker_csv'...
2025-09-15 21:15:09 | INFO | Opening data file in read mode: PROJECT_ROOT/data/smoker_temps.csv
2025-09-15 21:15:09 | INFO | Reading data from file: PROJECT_ROOT/data/smoker_temps.csv
2025-09-15 21:15:09 | INFO | Sent message to topic 'smoker_csv': {'timestamp': '2025-09-16T01:15:09.508317', 'temperature': 70.4}
2025-09-15 21:15:14 | INFO | Sent message to topic 'smoker_csv': {'timestamp': '2025-09-16T01:15:14.510869', 'temperature': 70.8}
2025-09-15 21:15:19 | INFO | Sent message to topic 'smoker_csv': {'timestamp': '2025-09-16T01:15:19.513154', 'temperature': 71.2}
2025-09-15 21:15:24 | INFO | Sent message to topic 'smoker_csv': {'timestamp': '2025-09-16T01:15:24.515033', 'temperature': 71.6}
2025-09-15 21:15:29 | INFO | Sent message to topic 'smoker_csv': {'timestamp': '2025-09-16T01:15:29.516316', 'temperature': 72.0}
2025-09-15 21:15:34 | INFO | Sent message to topic 'smoker_csv': {'timestamp': '2025-09-16T01:15:34.517894', 'temperature': 72.4}
2025-09-15 21:15:39 | INFO | Sent message to topic 'smoker_csv': {'timestamp': '2025-09-16T01:15:39.519431', 'temperature': 72.8}
2025-09-15 21:15:44 | INFO | Sent message to topic 'smoker_csv': {'timestamp': '2025-09-16T01:15:44.521276', 'temperature': 73.2}
2025-09-15 21:15:49 | INFO | Sent message to topic 'smoker_csv': {'timestamp': '2025-09-16T01:15:49.523356', 'temperature': 73.6}
2025-09-15 21:15:50 | INFO | Logging to file: logs/project_log.log
2025-09-15 21:15:50 | INFO | Log sanitization enabled, personal info removed
2025-09-15 21:15:50 | INFO | START consumer.
2025-09-15 21:15:50 | INFO | Kafka topic: smoker_csv
2025-09-15 21:15:50 | INFO | Kafka consumer group id: smoker_group
2025-09-15 21:15:50 | INFO | Rolling window size: 10
2025-09-15 21:15:50 | INFO | Consumer: Topic 'smoker_csv' and group 'smoker_group'...
2025-09-15 21:15:50 | INFO | Rolling window size: 10
2025-09-15 21:15:50 | INFO | Kafka broker address: localhost:9092
2025-09-15 21:15:50 | INFO | Creating Kafka consumer. Topic='smoker_csv' and group ID='smoker_group'.
2025-09-15 21:15:50 | INFO | Kafka consumer created successfully.
2025-09-15 21:15:50 | INFO | Polling messages from topic 'smoker_csv'...
2025-09-15 21:15:53 | INFO | Processed JSON message: {'timestamp': '2025-09-16T01:15:14.510869', 'temperature': 70.8}
2025-09-15 21:15:53 | INFO | Processed JSON message: {'timestamp': '2025-09-16T01:15:19.513154', 'temperature': 71.2}
2025-09-15 21:15:53 | INFO | Processed JSON message: {'timestamp': '2025-09-16T01:15:24.515033', 'temperature': 71.6}
2025-09-15 21:15:53 | INFO | Processed JSON message: {'timestamp': '2025-09-16T01:15:29.516316', 'temperature': 72.0}
2025-09-15 21:15:53 | INFO | Processed JSON message: {'timestamp': '2025-09-16T01:15:34.517894', 'temperature': 72.4}
2025-09-15 21:15:54 | INFO | Processed JSON message: {'timestamp': '2025-09-16T01:15:39.519431', 'temperature': 72.8}
2025-09-15 21:15:54 | INFO | Processed JSON message: {'timestamp': '2025-09-16T01:15:44.521276', 'temperature': 73.2}
2025-09-15 21:15:54 | INFO | Processed JSON message: {'timestamp': '2025-09-16T01:15:49.523356', 'temperature': 73.6}
2025-09-15 21:15:54 | INFO | Sent message to topic 'smoker_csv': {'timestamp': '2025-09-16T01:15:54.524855', 'temperature': 74.0}
2025-09-15 21:15:54 | INFO | Processed JSON message: {'timestamp': '2025-09-16T01:15:54.524855', 'temperature': 74.0}
2025-09-15 21:15:59 | INFO | Sent message to topic 'smoker_csv': {'timestamp': '2025-09-16T01:15:59.526072', 'temperature': 74.4}
2025-09-15 21:15:59 | INFO | Processed JSON message: {'timestamp': '2025-09-16T01:15:59.526072', 'temperature': 74.4}
2025-09-15 21:16:04 | INFO | Sent message to topic 'smoker_csv': {'timestamp': '2025-09-16T01:16:04.528784', 'temperature': 74.8}
2025-09-15 21:16:04 | INFO | Processed JSON message: {'timestamp': '2025-09-16T01:16:04.528784', 'temperature': 74.8}
2025-09-15 21:16:09 | INFO | Sent message to topic 'smoker_csv': {'timestamp': '2025-09-16T01:16:09.529848', 'temperature': 75.2}
2025-09-15 21:16:09 | INFO | Processed JSON message: {'timestamp': '2025-09-16T01:16:09.529848', 'temperature': 75.2}
2025-09-15 21:16:14 | INFO | Sent message to topic 'smoker_csv': {'timestamp': '2025-09-16T01:16:14.531368', 'temperature': 75.6}
2025-09-15 21:16:14 | INFO | Processed JSON message: {'timestamp': '2025-09-16T01:16:14.531368', 'temperature': 75.6}
2025-09-15 21:16:19 | INFO | Sent message to topic 'smoker_csv': {'timestamp': '2025-09-16T01:16:19.533782', 'temperature': 76.0}
2025-09-15 21:16:19 | INFO | Processed JSON message: {'timestamp': '2025-09-16T01:16:19.533782', 'temperature': 76.0}
2025-09-15 21:16:24 | INFO | Sent message to topic 'smoker_csv': {'timestamp': '2025-09-16T01:16:24.535855', 'temperature': 76.4}
2025-09-15 21:16:24 | INFO | Processed JSON message: {'timestamp': '2025-09-16T01:16:24.535855', 'temperature': 76.4}
2025-09-15 21:16:27 | WARNING | Consumer interrupted by user.
2025-09-15 21:16:27 | INFO | Kafka consumer for topic 'smoker_csv' closed.
2025-09-15 21:16:29 | INFO | Sent message to topic 'smoker_csv': {'timestamp': '2025-09-16T01:16:29.537138', 'temperature': 76.8}
2025-09-15 21:16:34 | INFO | Sent message to topic 'smoker_csv': {'timestamp': '2025-09-16T01:16:34.539047', 'temperature': 77.2}
2025-09-15 21:16:36 | WARNING | Producer interrupted by user.
2025-09-15 21:16:36 | INFO | Kafka producer closed.
2025-09-15 21:16:36 | INFO | END producer.
2025-09-18 18:20:35 | INFO | Logging to file: logs/project_log.log
2025-09-18 18:20:35 | INFO | Log sanitization enabled, personal info removed
2025-09-18 18:20:35 | INFO | Project root: PROJECT_ROOT
2025-09-18 18:20:35 | INFO | Data folder: PROJECT_ROOT/data
2025-09-18 18:20:35 | INFO | Data file: PROJECT_ROOT/data/buzz_live.json
2025-09-18 18:20:35 | INFO | START producer...
2025-09-18 18:20:35 | INFO | Hit CTRL c (or CMD c) to close.
2025-09-18 18:20:35 | INFO | Message interval: 3 seconds
2025-09-18 18:20:35 | INFO | {'message': 'I just loved a meme! It was weird.', 'author': 'Alice'}
2025-09-18 18:20:38 | INFO | {'message': 'I just shared a meme! It was exciting.', 'author': 'Bob'}
2025-09-18 18:20:41 | INFO | {'message': 'I just tried an app! It was weird.', 'author': 'Alice'}
2025-09-18 18:20:44 | INFO | {'message': 'I just loved a story! It was boring.', 'author': 'Alice'}
2025-09-18 18:20:47 | INFO | {'message': 'I just saw a meme! It was weird.', 'author': 'Bob'}
2025-09-18 18:20:50 | INFO | {'message': 'I just shared a trick! It was boring.', 'author': 'Eve'}
2025-09-18 18:20:53 | INFO | {'message': 'I just found a meme! It was boring.', 'author': 'Bob'}
2025-09-18 18:20:56 | INFO | {'message': 'I just saw a movie! It was weird.', 'author': 'Bob'}
2025-09-18 18:20:59 | INFO | {'message': 'I just loved an app! It was exciting.', 'author': 'Bob'}
2025-09-18 18:21:02 | INFO | {'message': 'I just tried a meme! It was amazing.', 'author': 'Alice'}
2025-09-18 18:21:05 | INFO | {'message': 'I just shared a meme! It was exciting.', 'author': 'Eve'}
2025-09-18 18:21:08 | INFO | {'message': 'I just saw a trick! It was exciting.', 'author': 'Charlie'}
2025-09-18 18:21:11 | INFO | {'message': 'I just tried a meme! It was boring.', 'author': 'Bob'}
2025-09-18 18:21:14 | INFO | {'message': 'I just loved a meme! It was boring.', 'author': 'Bob'}
2025-09-18 18:21:17 | INFO | Logging to file: logs/project_log.log
2025-09-18 18:21:17 | INFO | Log sanitization enabled, personal info removed
2025-09-18 18:21:17 | INFO | Project root: PROJECT_ROOT
2025-09-18 18:21:17 | INFO | Data folder: PROJECT_ROOT/data
2025-09-18 18:21:17 | INFO | Data file: PROJECT_ROOT/data/buzz_live.json
2025-09-18 18:21:17 | INFO | START consumer.
2025-09-18 18:21:17 | INFO | {'message': 'I just saw a movie! It was funny.', 'author': 'Charlie'}
2025-09-18 18:21:17 | INFO | Processed JSON message: {'message': 'I just saw a movie! It was funny.', 'author': 'Charlie'}
2025-09-18 18:21:17 | INFO | Message received from author: Charlie
2025-09-18 18:21:17 | INFO | Updated author counts: {'Charlie': 1}
2025-09-18 18:21:17 | INFO | Chart updated successfully for message: {"message": "I just saw a movie! It was funny.", "author": "Charlie"}

2025-09-18 18:21:20 | INFO | {'message': 'I just found a story! It was funny.', 'author': 'Charlie'}
2025-09-18 18:21:20 | INFO | Processed JSON message: {'message': 'I just found a story! It was funny.', 'author': 'Charlie'}
2025-09-18 18:21:20 | INFO | Message received from author: Charlie
2025-09-18 18:21:20 | INFO | Updated author counts: {'Charlie': 2}
2025-09-18 18:21:20 | INFO | Chart updated successfully for message: {"message": "I just found a story! It was funny.", "author": "Charlie"}

2025-09-18 18:21:23 | INFO | {'message': 'I just found a movie! It was amazing.', 'author': 'Charlie'}
2025-09-18 18:21:23 | INFO | Processed JSON message: {'message': 'I just found a movie! It was amazing.', 'author': 'Charlie'}
2025-09-18 18:21:23 | INFO | Message received from author: Charlie
2025-09-18 18:21:23 | INFO | Updated author counts: {'Charlie': 3}
2025-09-18 18:21:23 | INFO | Chart updated successfully for message: {"message": "I just found a movie! It was amazing.", "author": "Charlie"}

2025-09-18 18:21:26 | INFO | {'message': 'I just found a trick! It was funny.', 'author': 'Eve'}
2025-09-18 18:21:26 | INFO | Processed JSON message: {'message': 'I just found a trick! It was funny.', 'author': 'Eve'}
2025-09-18 18:21:26 | INFO | Message received from author: Eve
2025-09-18 18:21:26 | INFO | Updated author counts: {'Charlie': 3, 'Eve': 1}
2025-09-18 18:21:27 | INFO | Chart updated successfully for message: {"message": "I just found a trick! It was funny.", "author": "Eve"}

2025-09-18 18:21:29 | INFO | {'message': 'I just shared an app! It was amazing.', 'author': 'Alice'}
2025-09-18 18:21:30 | INFO | Processed JSON message: {'message': 'I just shared an app! It was amazing.', 'author': 'Alice'}
2025-09-18 18:21:30 | INFO | Message received from author: Alice
2025-09-18 18:21:30 | INFO | Updated author counts: {'Charlie': 3, 'Eve': 1, 'Alice': 1}
2025-09-18 18:21:30 | INFO | Chart updated successfully for message: {"message": "I just shared an app! It was amazing.", "author": "Alice"}

2025-09-18 18:21:32 | INFO | {'message': 'I just tried a meme! It was weird.', 'author': 'Eve'}
2025-09-18 18:21:33 | INFO | Processed JSON message: {'message': 'I just tried a meme! It was weird.', 'author': 'Eve'}
2025-09-18 18:21:33 | INFO | Message received from author: Eve
2025-09-18 18:21:33 | INFO | Updated author counts: {'Charlie': 3, 'Eve': 2, 'Alice': 1}
2025-09-18 18:21:33 | INFO | Chart updated successfully for message: {"message": "I just tried a meme! It was weird.", "author": "Eve"}

2025-09-18 18:21:35 | INFO | {'message': 'I just tried a meme! It was exciting.', 'author': 'Bob'}
2025-09-18 18:21:36 | INFO | Processed JSON message: {'message': 'I just tried a meme! It was exciting.', 'author': 'Bob'}
2025-09-18 18:21:36 | INFO | Message received from author: Bob
2025-09-18 18:21:36 | INFO | Updated author counts: {'Charlie': 3, 'Eve': 2, 'Alice': 1, 'Bob': 1}
2025-09-18 18:21:36 | INFO | Chart updated successfully for message: {"message": "I just tried a meme! It was exciting.", "author": "Bob"}

2025-09-18 18:21:38 | INFO | {'message': 'I just saw a movie! It was weird.', 'author': 'Charlie'}
2025-09-18 18:21:39 | INFO | Processed JSON message: {'message': 'I just saw a movie! It was weird.', 'author': 'Charlie'}
2025-09-18 18:21:39 | INFO | Message received from author: Charlie
2025-09-18 18:21:39 | INFO | Updated author counts: {'Charlie': 4, 'Eve': 2, 'Alice': 1, 'Bob': 1}
2025-09-18 18:21:39 | INFO | Chart updated successfully for message: {"message": "I just saw a movie! It was weird.", "author": "Charlie"}

2025-09-18 18:21:41 | INFO | {'message': 'I just shared a trick! It was weird.', 'author': 'Eve'}
2025-09-18 18:21:41 | INFO | Processed JSON message: {'message': 'I just shared a trick! It was weird.', 'author': 'Eve'}
2025-09-18 18:21:41 | INFO | Message received from author: Eve
2025-09-18 18:21:41 | INFO | Updated author counts: {'Charlie': 4, 'Eve': 3, 'Alice': 1, 'Bob': 1}
2025-09-18 18:21:41 | INFO | Chart updated successfully for message: {"message": "I just shared a trick! It was weird.", "author": "Eve"}

2025-09-18 18:21:44 | INFO | {'message': 'I just shared a story! It was boring.', 'author': 'Eve'}
2025-09-18 18:21:44 | INFO | Processed JSON message: {'message': 'I just shared a story! It was boring.', 'author': 'Eve'}
2025-09-18 18:21:44 | INFO | Message received from author: Eve
2025-09-18 18:21:44 | INFO | Updated author counts: {'Charlie': 4, 'Eve': 4, 'Alice': 1, 'Bob': 1}
2025-09-18 18:21:44 | INFO | Chart updated successfully for message: {"message": "I just shared a story! It was boring.", "author": "Eve"}

2025-09-18 18:21:47 | INFO | {'message': 'I just shared a movie! It was funny.', 'author': 'Bob'}
2025-09-18 18:21:47 | INFO | Processed JSON message: {'message': 'I just shared a movie! It was funny.', 'author': 'Bob'}
2025-09-18 18:21:47 | INFO | Message received from author: Bob
2025-09-18 18:21:47 | INFO | Updated author counts: {'Charlie': 4, 'Eve': 4, 'Alice': 1, 'Bob': 2}
2025-09-18 18:21:47 | INFO | Chart updated successfully for message: {"message": "I just shared a movie! It was funny.", "author": "Bob"}

2025-09-18 18:21:50 | INFO | {'message': 'I just tried an app! It was weird.', 'author': 'Alice'}
2025-09-18 18:21:50 | INFO | Processed JSON message: {'message': 'I just tried an app! It was weird.', 'author': 'Alice'}
2025-09-18 18:21:50 | INFO | Message received from author: Alice
2025-09-18 18:21:50 | INFO | Updated author counts: {'Charlie': 4, 'Eve': 4, 'Alice': 2, 'Bob': 2}
2025-09-18 18:21:50 | INFO | Chart updated successfully for message: {"message": "I just tried an app! It was weird.", "author": "Alice"}

2025-09-18 18:21:53 | INFO | {'message': 'I just loved a trick! It was funny.', 'author': 'Eve'}
2025-09-18 18:21:53 | INFO | Processed JSON message: {'message': 'I just loved a trick! It was funny.', 'author': 'Eve'}
2025-09-18 18:21:53 | INFO | Message received from author: Eve
2025-09-18 18:21:53 | INFO | Updated author counts: {'Charlie': 4, 'Eve': 5, 'Alice': 2, 'Bob': 2}
2025-09-18 18:21:54 | INFO | Chart updated successfully for message: {"message": "I just loved a trick! It was funny.", "author": "Eve"}

2025-09-18 18:21:56 | INFO | {'message': 'I just found a meme! It was weird.', 'author': 'Alice'}
2025-09-18 18:21:57 | INFO | Processed JSON message: {'message': 'I just found a meme! It was weird.', 'author': 'Alice'}
2025-09-18 18:21:57 | INFO | Message received from author: Alice
2025-09-18 18:21:57 | INFO | Updated author counts: {'Charlie': 4, 'Eve': 5, 'Alice': 3, 'Bob': 2}
2025-09-18 18:21:57 | INFO | Consumer interrupted by user.
2025-09-18 18:21:57 | INFO | Consumer closed.
2025-09-18 18:21:59 | INFO | {'message': 'I just found an app! It was funny.', 'author': 'Eve'}
2025-09-18 18:22:00 | WARNING | Producer interrupted by user.
2025-09-18 18:22:00 | INFO | Producer shutting down.
2025-09-18 18:22:13 | INFO | Logging to file: logs/project_log.log
2025-09-18 18:22:13 | INFO | Log sanitization enabled, personal info removed
2025-09-18 18:22:13 | INFO | Project root: PROJECT_ROOT
2025-09-18 18:22:13 | INFO | Data folder: PROJECT_ROOT/data
2025-09-18 18:22:13 | INFO | Data file: PROJECT_ROOT/data/buzz.json
2025-09-18 18:22:13 | INFO | START producer.
2025-09-18 18:22:13 | INFO | Kafka broker address: localhost:9092
2025-09-18 18:22:14 | INFO | Kafka is ready. Brokers: {'throttle_time_ms': 0, 'brokers': [{'node_id': 1, 'host': 'localhost', 'port': 9092, 'rack': None}], 'cluster_id': '_qad_MQZRtmfrbOLzRMSMg', 'controller_id': 1}
2025-09-18 18:22:14 | INFO | Kafka topic: buzzline_json
2025-09-18 18:22:14 | INFO | Message interval: 3 seconds
2025-09-18 18:22:14 | INFO | Kafka broker address: localhost:9092
2025-09-18 18:22:14 | INFO | Connecting to Kafka broker at localhost:9092...
2025-09-18 18:22:14 | INFO | Kafka producer successfully created.
2025-09-18 18:22:14 | INFO | Kafka broker address: localhost:9092
2025-09-18 18:22:14 | INFO | Topic 'buzzline_json' already exists. Recreating fresh...
2025-09-18 18:22:14 | INFO | Requested deletion of topic 'buzzline_json'.
2025-09-18 18:22:14 | INFO | Topic 'buzzline_json' created successfully.
2025-09-18 18:22:14 | INFO | Kafka topic 'buzzline_json' is ready.
2025-09-18 18:22:14 | INFO | Starting message production to topic 'buzzline_json'...
2025-09-18 18:22:14 | INFO | Opening data file in read mode: PROJECT_ROOT/data/buzz.json
2025-09-18 18:22:14 | INFO | Reading data from file: PROJECT_ROOT/data/buzz.json
2025-09-18 18:22:14 | INFO | Sent message to topic 'buzzline_json': {'message': 'Data engineering is my passion.', 'author': 'Eve'}
2025-09-18 18:22:17 | INFO | Sent message to topic 'buzzline_json': {'message': 'Distributed systems are fascinating.', 'author': 'Alice'}
2025-09-18 18:22:20 | INFO | Sent message to topic 'buzzline_json': {'message': 'Have a great day!', 'author': 'Charlie'}
2025-09-18 18:22:23 | INFO | Sent message to topic 'buzzline_json': {'message': 'Data engineering is my passion.', 'author': 'Alice'}
2025-09-18 18:22:25 | INFO | Logging to file: logs/project_log.log
2025-09-18 18:22:25 | INFO | Log sanitization enabled, personal info removed
2025-09-18 18:22:26 | INFO | START consumer.
2025-09-18 18:22:26 | INFO | Kafka topic: buzzline_json
2025-09-18 18:22:26 | INFO | Kafka consumer group id: buzz_group
2025-09-18 18:22:26 | INFO | Consumer: Topic 'buzzline_json' and group 'buzz_group'...
2025-09-18 18:22:26 | INFO | Kafka broker address: localhost:9092
2025-09-18 18:22:26 | INFO | Creating Kafka consumer. Topic='buzzline_json' and group ID='buzz_group'.
2025-09-18 18:22:26 | INFO | Kafka consumer created successfully.
2025-09-18 18:22:26 | INFO | Polling messages from topic 'buzzline_json'...
2025-09-18 18:22:26 | ERROR | Error while consuming messages: Invalid file descriptor: -1
2025-09-18 18:22:26 | INFO | Kafka consumer for topic 'buzzline_json' closed.
2025-09-18 18:22:26 | INFO | END consumer for topic 'buzzline_json' and group 'buzz_group'.
2025-09-18 18:22:26 | INFO | Sent message to topic 'buzzline_json': {'message': 'Distributed systems are fascinating.', 'author': 'Diana'}
2025-09-18 18:22:29 | INFO | Sent message to topic 'buzzline_json': {'message': 'Buzz messages for everyone.', 'author': 'Alice'}
2025-09-18 18:22:32 | INFO | Sent message to topic 'buzzline_json': {'message': 'Hello, Kafka world!', 'author': 'Diana'}
2025-09-18 18:22:35 | INFO | Sent message to topic 'buzzline_json': {'message': 'This is a buzz message.', 'author': 'Eve'}
2025-09-18 18:22:38 | INFO | Sent message to topic 'buzzline_json': {'message': 'JSON makes life easier.', 'author': 'Eve'}
2025-09-18 18:22:41 | INFO | Sent message to topic 'buzzline_json': {'message': 'JSON makes life easier.', 'author': 'Alice'}
2025-09-18 18:22:44 | INFO | Sent message to topic 'buzzline_json': {'message': 'Data engineering is my passion.', 'author': 'Diana'}
2025-09-18 18:22:47 | INFO | Sent message to topic 'buzzline_json': {'message': 'JSON makes life easier.', 'author': 'Diana'}
2025-09-18 18:22:50 | INFO | Sent message to topic 'buzzline_json': {'message': 'Kafka is awesome.', 'author': 'Charlie'}
2025-09-18 18:22:53 | INFO | Sent message to topic 'buzzline_json': {'message': 'JSON makes life easier.', 'author': 'Bob'}
2025-09-18 18:22:56 | INFO | Sent message to topic 'buzzline_json': {'message': 'I love Python!', 'author': 'Bob'}
2025-09-18 18:22:59 | INFO | Sent message to topic 'buzzline_json': {'message': 'This is a buzz message.', 'author': 'Eve'}
2025-09-18 18:23:02 | INFO | Sent message to topic 'buzzline_json': {'message': 'I love Python!', 'author': 'Eve'}
2025-09-18 18:23:05 | INFO | Sent message to topic 'buzzline_json': {'message': 'Buzz messages for everyone.', 'author': 'Alice'}
2025-09-18 18:23:08 | INFO | Sent message to topic 'buzzline_json': {'message': 'This is a buzz message.', 'author': 'Alice'}
2025-09-18 18:23:11 | INFO | Sent message to topic 'buzzline_json': {'message': 'Data engineering is my passion.', 'author': 'Diana'}
2025-09-18 18:23:14 | INFO | Sent message to topic 'buzzline_json': {'message': 'I love Python!', 'author': 'Eve'}
2025-09-18 18:23:17 | INFO | Sent message to topic 'buzzline_json': {'message': 'JSON makes life easier.', 'author': 'Charlie'}
2025-09-18 18:23:20 | INFO | Sent message to topic 'buzzline_json': {'message': 'Have a great day!', 'author': 'Bob'}
2025-09-18 18:23:23 | INFO | Sent message to topic 'buzzline_json': {'message': 'Data engineering is my passion.', 'author': 'Alice'}
2025-09-18 18:23:26 | INFO | Sent message to topic 'buzzline_json': {'message': 'Kafka is awesome.', 'author': 'Diana'}
2025-09-18 18:23:29 | INFO | Sent message to topic 'buzzline_json': {'message': 'Kafka is awesome.', 'author': 'Diana'}
2025-09-18 18:23:32 | INFO | Sent message to topic 'buzzline_json': {'message': 'Hello, Kafka world!', 'author': 'Bob'}
2025-09-18 18:23:35 | INFO | Sent message to topic 'buzzline_json': {'message': 'Distributed systems are fascinating.', 'author': 'Diana'}
2025-09-18 18:23:38 | INFO | Sent message to topic 'buzzline_json': {'message': 'I love Python!', 'author': 'Diana'}
2025-09-18 18:23:41 | INFO | Sent message to topic 'buzzline_json': {'message': 'Have a great day!', 'author': 'Alice'}
2025-09-18 18:23:44 | INFO | Sent message to topic 'buzzline_json': {'message': 'Hello, Kafka world!', 'author': 'Charlie'}
2025-09-18 18:23:47 | INFO | Sent message to topic 'buzzline_json': {'message': 'JSON makes life easier.', 'author': 'Diana'}
2025-09-18 18:23:50 | INFO | Sent message to topic 'buzzline_json': {'message': 'I love Python!', 'author': 'Bob'}
2025-09-18 18:23:53 | INFO | Sent message to topic 'buzzline_json': {'message': 'Have a great day!', 'author': 'Diana'}
2025-09-18 18:23:56 | INFO | Sent message to topic 'buzzline_json': {'message': 'Hello, Kafka world!', 'author': 'Alice'}
2025-09-18 18:23:59 | INFO | Sent message to topic 'buzzline_json': {'message': 'JSON makes life easier.', 'author': 'Alice'}
2025-09-18 18:24:02 | INFO | Sent message to topic 'buzzline_json': {'message': 'Buzz messages for everyone.', 'author': 'Charlie'}
2025-09-18 18:24:05 | INFO | Sent message to topic 'buzzline_json': {'message': 'Buzz messages for everyone.', 'author': 'Bob'}
2025-09-18 18:24:08 | INFO | Sent message to topic 'buzzline_json': {'message': 'Streaming data is fun.', 'author': 'Diana'}
2025-09-18 18:24:11 | INFO | Sent message to topic 'buzzline_json': {'message': 'Have a great day!', 'author': 'Diana'}
2025-09-18 18:24:14 | INFO | Sent message to topic 'buzzline_json': {'message': 'I love Python!', 'author': 'Alice'}
2025-09-18 18:24:17 | INFO | Sent message to topic 'buzzline_json': {'message': 'Streaming data is fun.', 'author': 'Charlie'}
2025-09-18 18:24:20 | INFO | Sent message to topic 'buzzline_json': {'message': 'Kafka is awesome.', 'author': 'Alice'}
2025-09-18 18:24:23 | INFO | Sent message to topic 'buzzline_json': {'message': 'Kafka is awesome.', 'author': 'Diana'}
2025-09-18 18:24:26 | INFO | Sent message to topic 'buzzline_json': {'message': 'Kafka is awesome.', 'author': 'Alice'}
2025-09-18 18:24:29 | INFO | Sent message to topic 'buzzline_json': {'message': 'JSON makes life easier.', 'author': 'Bob'}
2025-09-18 18:24:32 | INFO | Sent message to topic 'buzzline_json': {'message': 'This is a buzz message.', 'author': 'Bob'}
2025-09-18 18:24:35 | INFO | Sent message to topic 'buzzline_json': {'message': 'Streaming data is fun.', 'author': 'Diana'}
2025-09-18 18:24:38 | INFO | Sent message to topic 'buzzline_json': {'message': 'Have a great day!', 'author': 'Bob'}
2025-09-18 18:24:41 | INFO | Sent message to topic 'buzzline_json': {'message': 'This is a buzz message.', 'author': 'Eve'}
2025-09-18 18:24:42 | INFO | Logging to file: logs/project_log.log
2025-09-18 18:24:42 | INFO | Log sanitization enabled, personal info removed
2025-09-18 18:24:42 | INFO | START consumer.
2025-09-18 18:24:42 | INFO | Kafka topic: buzzline_json
2025-09-18 18:24:42 | INFO | Kafka consumer group id: buzz_group
2025-09-18 18:24:42 | INFO | Consumer: Topic 'buzzline_json' and group 'buzz_group'...
2025-09-18 18:24:42 | INFO | Kafka broker address: localhost:9092
2025-09-18 18:24:42 | INFO | Creating Kafka consumer. Topic='buzzline_json' and group ID='buzz_group'.
2025-09-18 18:24:42 | INFO | Kafka consumer created successfully.
2025-09-18 18:24:42 | INFO | Polling messages from topic 'buzzline_json'...
2025-09-18 18:24:44 | INFO | Sent message to topic 'buzzline_json': {'message': 'Hello, Kafka world!', 'author': 'Bob'}
2025-09-18 18:24:46 | INFO | Processed JSON message: {'message': 'Data engineering is my passion.', 'author': 'Eve'}
2025-09-18 18:24:46 | INFO | Message received from author: Eve
2025-09-18 18:24:46 | INFO | Updated author counts: {'Eve': 1}
2025-09-18 18:24:46 | INFO | Chart updated successfully for message: {"message": "Data engineering is my passion.", "author": "Eve"}
2025-09-18 18:24:46 | INFO | Processed JSON message: {'message': 'Distributed systems are fascinating.', 'author': 'Alice'}
2025-09-18 18:24:46 | INFO | Message received from author: Alice
2025-09-18 18:24:46 | INFO | Updated author counts: {'Eve': 1, 'Alice': 1}
2025-09-18 18:24:46 | INFO | Chart updated successfully for message: {"message": "Distributed systems are fascinating.", "author": "Alice"}
2025-09-18 18:24:46 | INFO | Processed JSON message: {'message': 'Have a great day!', 'author': 'Charlie'}
2025-09-18 18:24:46 | INFO | Message received from author: Charlie
2025-09-18 18:24:46 | INFO | Updated author counts: {'Eve': 1, 'Alice': 1, 'Charlie': 1}
2025-09-18 18:24:46 | INFO | Chart updated successfully for message: {"message": "Have a great day!", "author": "Charlie"}
2025-09-18 18:24:46 | INFO | Processed JSON message: {'message': 'Data engineering is my passion.', 'author': 'Alice'}
2025-09-18 18:24:46 | INFO | Message received from author: Alice
2025-09-18 18:24:46 | INFO | Updated author counts: {'Eve': 1, 'Alice': 2, 'Charlie': 1}
2025-09-18 18:24:46 | INFO | Chart updated successfully for message: {"message": "Data engineering is my passion.", "author": "Alice"}
2025-09-18 18:24:46 | INFO | Processed JSON message: {'message': 'Distributed systems are fascinating.', 'author': 'Diana'}
2025-09-18 18:24:46 | INFO | Message received from author: Diana
2025-09-18 18:24:46 | INFO | Updated author counts: {'Eve': 1, 'Alice': 2, 'Charlie': 1, 'Diana': 1}
2025-09-18 18:24:46 | INFO | Chart updated successfully for message: {"message": "Distributed systems are fascinating.", "author": "Diana"}
2025-09-18 18:24:46 | INFO | Processed JSON message: {'message': 'Buzz messages for everyone.', 'author': 'Alice'}
2025-09-18 18:24:46 | INFO | Message received from author: Alice
2025-09-18 18:24:46 | INFO | Updated author counts: {'Eve': 1, 'Alice': 3, 'Charlie': 1, 'Diana': 1}
2025-09-18 18:24:46 | INFO | Chart updated successfully for message: {"message": "Buzz messages for everyone.", "author": "Alice"}
2025-09-18 18:24:46 | INFO | Processed JSON message: {'message': 'Hello, Kafka world!', 'author': 'Diana'}
2025-09-18 18:24:46 | INFO | Message received from author: Diana
2025-09-18 18:24:46 | INFO | Updated author counts: {'Eve': 1, 'Alice': 3, 'Charlie': 1, 'Diana': 2}
2025-09-18 18:24:46 | INFO | Chart updated successfully for message: {"message": "Hello, Kafka world!", "author": "Diana"}
2025-09-18 18:24:46 | INFO | Processed JSON message: {'message': 'This is a buzz message.', 'author': 'Eve'}
2025-09-18 18:24:46 | INFO | Message received from author: Eve
2025-09-18 18:24:46 | INFO | Updated author counts: {'Eve': 2, 'Alice': 3, 'Charlie': 1, 'Diana': 2}
2025-09-18 18:24:46 | INFO | Chart updated successfully for message: {"message": "This is a buzz message.", "author": "Eve"}
2025-09-18 18:24:46 | INFO | Processed JSON message: {'message': 'JSON makes life easier.', 'author': 'Eve'}
2025-09-18 18:24:46 | INFO | Message received from author: Eve
2025-09-18 18:24:46 | INFO | Updated author counts: {'Eve': 3, 'Alice': 3, 'Charlie': 1, 'Diana': 2}
2025-09-18 18:24:46 | INFO | Chart updated successfully for message: {"message": "JSON makes life easier.", "author": "Eve"}
2025-09-18 18:24:46 | INFO | Processed JSON message: {'message': 'JSON makes life easier.', 'author': 'Alice'}
2025-09-18 18:24:46 | INFO | Message received from author: Alice
2025-09-18 18:24:46 | INFO | Updated author counts: {'Eve': 3, 'Alice': 4, 'Charlie': 1, 'Diana': 2}
2025-09-18 18:24:46 | INFO | Chart updated successfully for message: {"message": "JSON makes life easier.", "author": "Alice"}
2025-09-18 18:24:46 | INFO | Processed JSON message: {'message': 'Data engineering is my passion.', 'author': 'Diana'}
2025-09-18 18:24:46 | INFO | Message received from author: Diana
2025-09-18 18:24:46 | INFO | Updated author counts: {'Eve': 3, 'Alice': 4, 'Charlie': 1, 'Diana': 3}
2025-09-18 18:24:46 | INFO | Chart updated successfully for message: {"message": "Data engineering is my passion.", "author": "Diana"}
2025-09-18 18:24:46 | INFO | Processed JSON message: {'message': 'JSON makes life easier.', 'author': 'Diana'}
2025-09-18 18:24:46 | INFO | Message received from author: Diana
2025-09-18 18:24:46 | INFO | Updated author counts: {'Eve': 3, 'Alice': 4, 'Charlie': 1, 'Diana': 4}
2025-09-18 18:24:46 | INFO | Chart updated successfully for message: {"message": "JSON makes life easier.", "author": "Diana"}
2025-09-18 18:24:46 | INFO | Processed JSON message: {'message': 'Kafka is awesome.', 'author': 'Charlie'}
2025-09-18 18:24:46 | INFO | Message received from author: Charlie
2025-09-18 18:24:46 | INFO | Updated author counts: {'Eve': 3, 'Alice': 4, 'Charlie': 2, 'Diana': 4}
2025-09-18 18:24:46 | INFO | Chart updated successfully for message: {"message": "Kafka is awesome.", "author": "Charlie"}
2025-09-18 18:24:46 | INFO | Processed JSON message: {'message': 'JSON makes life easier.', 'author': 'Bob'}
2025-09-18 18:24:46 | INFO | Message received from author: Bob
2025-09-18 18:24:46 | INFO | Updated author counts: {'Eve': 3, 'Alice': 4, 'Charlie': 2, 'Diana': 4, 'Bob': 1}
2025-09-18 18:24:46 | INFO | Chart updated successfully for message: {"message": "JSON makes life easier.", "author": "Bob"}
2025-09-18 18:24:46 | INFO | Processed JSON message: {'message': 'I love Python!', 'author': 'Bob'}
2025-09-18 18:24:46 | INFO | Message received from author: Bob
2025-09-18 18:24:46 | INFO | Updated author counts: {'Eve': 3, 'Alice': 4, 'Charlie': 2, 'Diana': 4, 'Bob': 2}
2025-09-18 18:24:46 | INFO | Chart updated successfully for message: {"message": "I love Python!", "author": "Bob"}
2025-09-18 18:24:46 | INFO | Processed JSON message: {'message': 'This is a buzz message.', 'author': 'Eve'}
2025-09-18 18:24:46 | INFO | Message received from author: Eve
2025-09-18 18:24:46 | INFO | Updated author counts: {'Eve': 4, 'Alice': 4, 'Charlie': 2, 'Diana': 4, 'Bob': 2}
2025-09-18 18:24:46 | INFO | Chart updated successfully for message: {"message": "This is a buzz message.", "author": "Eve"}
2025-09-18 18:24:46 | INFO | Processed JSON message: {'message': 'I love Python!', 'author': 'Eve'}
2025-09-18 18:24:46 | INFO | Message received from author: Eve
2025-09-18 18:24:46 | INFO | Updated author counts: {'Eve': 5, 'Alice': 4, 'Charlie': 2, 'Diana': 4, 'Bob': 2}
2025-09-18 18:24:46 | INFO | Chart updated successfully for message: {"message": "I love Python!", "author": "Eve"}
2025-09-18 18:24:46 | INFO | Processed JSON message: {'message': 'Buzz messages for everyone.', 'author': 'Alice'}
2025-09-18 18:24:46 | INFO | Message received from author: Alice
2025-09-18 18:24:46 | INFO | Updated author counts: {'Eve': 5, 'Alice': 5, 'Charlie': 2, 'Diana': 4, 'Bob': 2}
2025-09-18 18:24:46 | INFO | Chart updated successfully for message: {"message": "Buzz messages for everyone.", "author": "Alice"}
2025-09-18 18:24:46 | INFO | Processed JSON message: {'message': 'This is a buzz message.', 'author': 'Alice'}
2025-09-18 18:24:46 | INFO | Message received from author: Alice
2025-09-18 18:24:46 | INFO | Updated author counts: {'Eve': 5, 'Alice': 6, 'Charlie': 2, 'Diana': 4, 'Bob': 2}
2025-09-18 18:24:46 | INFO | Chart updated successfully for message: {"message": "This is a buzz message.", "author": "Alice"}
2025-09-18 18:24:46 | INFO | Processed JSON message: {'message': 'Data engineering is my passion.', 'author': 'Diana'}
2025-09-18 18:24:46 | INFO | Message received from author: Diana
2025-09-18 18:24:46 | INFO | Updated author counts: {'Eve': 5, 'Alice': 6, 'Charlie': 2, 'Diana': 5, 'Bob': 2}
2025-09-18 18:24:47 | INFO | Chart updated successfully for message: {"message": "Data engineering is my passion.", "author": "Diana"}
2025-09-18 18:24:47 | INFO | Processed JSON message: {'message': 'I love Python!', 'author': 'Eve'}
2025-09-18 18:24:47 | INFO | Message received from author: Eve
2025-09-18 18:24:47 | INFO | Updated author counts: {'Eve': 6, 'Alice': 6, 'Charlie': 2, 'Diana': 5, 'Bob': 2}
2025-09-18 18:24:47 | INFO | Chart updated successfully for message: {"message": "I love Python!", "author": "Eve"}
2025-09-18 18:24:47 | INFO | Processed JSON message: {'message': 'JSON makes life easier.', 'author': 'Charlie'}
2025-09-18 18:24:47 | INFO | Message received from author: Charlie
2025-09-18 18:24:47 | INFO | Updated author counts: {'Eve': 6, 'Alice': 6, 'Charlie': 3, 'Diana': 5, 'Bob': 2}
2025-09-18 18:24:47 | INFO | Chart updated successfully for message: {"message": "JSON makes life easier.", "author": "Charlie"}
2025-09-18 18:24:47 | INFO | Processed JSON message: {'message': 'Have a great day!', 'author': 'Bob'}
2025-09-18 18:24:47 | INFO | Message received from author: Bob
2025-09-18 18:24:47 | INFO | Updated author counts: {'Eve': 6, 'Alice': 6, 'Charlie': 3, 'Diana': 5, 'Bob': 3}
2025-09-18 18:24:47 | INFO | Chart updated successfully for message: {"message": "Have a great day!", "author": "Bob"}
2025-09-18 18:24:47 | INFO | Processed JSON message: {'message': 'Data engineering is my passion.', 'author': 'Alice'}
2025-09-18 18:24:47 | INFO | Message received from author: Alice
2025-09-18 18:24:47 | INFO | Updated author counts: {'Eve': 6, 'Alice': 7, 'Charlie': 3, 'Diana': 5, 'Bob': 3}
2025-09-18 18:24:47 | INFO | Chart updated successfully for message: {"message": "Data engineering is my passion.", "author": "Alice"}
2025-09-18 18:24:47 | INFO | Processed JSON message: {'message': 'Kafka is awesome.', 'author': 'Diana'}
2025-09-18 18:24:47 | INFO | Message received from author: Diana
2025-09-18 18:24:47 | INFO | Updated author counts: {'Eve': 6, 'Alice': 7, 'Charlie': 3, 'Diana': 6, 'Bob': 3}
2025-09-18 18:24:47 | INFO | Chart updated successfully for message: {"message": "Kafka is awesome.", "author": "Diana"}
2025-09-18 18:24:47 | INFO | Processed JSON message: {'message': 'Kafka is awesome.', 'author': 'Diana'}
2025-09-18 18:24:47 | INFO | Message received from author: Diana
2025-09-18 18:24:47 | INFO | Updated author counts: {'Eve': 6, 'Alice': 7, 'Charlie': 3, 'Diana': 7, 'Bob': 3}
2025-09-18 18:24:47 | INFO | Chart updated successfully for message: {"message": "Kafka is awesome.", "author": "Diana"}
2025-09-18 18:24:47 | INFO | Processed JSON message: {'message': 'Hello, Kafka world!', 'author': 'Bob'}
2025-09-18 18:24:47 | INFO | Message received from author: Bob
2025-09-18 18:24:47 | INFO | Updated author counts: {'Eve': 6, 'Alice': 7, 'Charlie': 3, 'Diana': 7, 'Bob': 4}
2025-09-18 18:24:47 | INFO | Chart updated successfully for message: {"message": "Hello, Kafka world!", "author": "Bob"}
2025-09-18 18:24:47 | INFO | Processed JSON message: {'message': 'Distributed systems are fascinating.', 'author': 'Diana'}
2025-09-18 18:24:47 | INFO | Message received from author: Diana
2025-09-18 18:24:47 | INFO | Updated author counts: {'Eve': 6, 'Alice': 7, 'Charlie': 3, 'Diana': 8, 'Bob': 4}
2025-09-18 18:24:47 | INFO | Chart updated successfully for message: {"message": "Distributed systems are fascinating.", "author": "Diana"}
2025-09-18 18:24:47 | INFO | Processed JSON message: {'message': 'I love Python!', 'author': 'Diana'}
2025-09-18 18:24:47 | INFO | Message received from author: Diana
2025-09-18 18:24:47 | INFO | Updated author counts: {'Eve': 6, 'Alice': 7, 'Charlie': 3, 'Diana': 9, 'Bob': 4}
2025-09-18 18:24:47 | INFO | Chart updated successfully for message: {"message": "I love Python!", "author": "Diana"}
2025-09-18 18:24:47 | INFO | Processed JSON message: {'message': 'Have a great day!', 'author': 'Alice'}
2025-09-18 18:24:47 | INFO | Message received from author: Alice
2025-09-18 18:24:47 | INFO | Updated author counts: {'Eve': 6, 'Alice': 8, 'Charlie': 3, 'Diana': 9, 'Bob': 4}
2025-09-18 18:24:47 | INFO | Chart updated successfully for message: {"message": "Have a great day!", "author": "Alice"}
2025-09-18 18:24:47 | INFO | Processed JSON message: {'message': 'Hello, Kafka world!', 'author': 'Charlie'}
2025-09-18 18:24:47 | INFO | Message received from author: Charlie
2025-09-18 18:24:47 | INFO | Updated author counts: {'Eve': 6, 'Alice': 8, 'Charlie': 4, 'Diana': 9, 'Bob': 4}
2025-09-18 18:24:47 | INFO | Chart updated successfully for message: {"message": "Hello, Kafka world!", "author": "Charlie"}
2025-09-18 18:24:47 | INFO | Processed JSON message: {'message': 'JSON makes life easier.', 'author': 'Diana'}
2025-09-18 18:24:47 | INFO | Message received from author: Diana
2025-09-18 18:24:47 | INFO | Updated author counts: {'Eve': 6, 'Alice': 8, 'Charlie': 4, 'Diana': 10, 'Bob': 4}
2025-09-18 18:24:47 | INFO | Chart updated successfully for message: {"message": "JSON makes life easier.", "author": "Diana"}
2025-09-18 18:24:47 | INFO | Processed JSON message: {'message': 'I love Python!', 'author': 'Bob'}
2025-09-18 18:24:47 | INFO | Message received from author: Bob
2025-09-18 18:24:47 | INFO | Updated author counts: {'Eve': 6, 'Alice': 8, 'Charlie': 4, 'Diana': 10, 'Bob': 5}
2025-09-18 18:24:47 | INFO | Chart updated successfully for message: {"message": "I love Python!", "author": "Bob"}
2025-09-18 18:24:47 | INFO | Processed JSON message: {'message': 'Have a great day!', 'author': 'Diana'}
2025-09-18 18:24:47 | INFO | Message received from author: Diana
2025-09-18 18:24:47 | INFO | Updated author counts: {'Eve': 6, 'Alice': 8, 'Charlie': 4, 'Diana': 11, 'Bob': 5}
2025-09-18 18:24:47 | INFO | Chart updated successfully for message: {"message": "Have a great day!", "author": "Diana"}
2025-09-18 18:24:47 | INFO | Processed JSON message: {'message': 'Hello, Kafka world!', 'author': 'Alice'}
2025-09-18 18:24:47 | INFO | Message received from author: Alice
2025-09-18 18:24:47 | INFO | Updated author counts: {'Eve': 6, 'Alice': 9, 'Charlie': 4, 'Diana': 11, 'Bob': 5}
2025-09-18 18:24:47 | INFO | Chart updated successfully for message: {"message": "Hello, Kafka world!", "author": "Alice"}
2025-09-18 18:24:47 | INFO | Processed JSON message: {'message': 'JSON makes life easier.', 'author': 'Alice'}
2025-09-18 18:24:47 | INFO | Message received from author: Alice
2025-09-18 18:24:47 | INFO | Updated author counts: {'Eve': 6, 'Alice': 10, 'Charlie': 4, 'Diana': 11, 'Bob': 5}
2025-09-18 18:24:47 | INFO | Chart updated successfully for message: {"message": "JSON makes life easier.", "author": "Alice"}
2025-09-18 18:24:47 | INFO | Processed JSON message: {'message': 'Buzz messages for everyone.', 'author': 'Charlie'}
2025-09-18 18:24:47 | INFO | Message received from author: Charlie
2025-09-18 18:24:47 | INFO | Updated author counts: {'Eve': 6, 'Alice': 10, 'Charlie': 5, 'Diana': 11, 'Bob': 5}
2025-09-18 18:24:47 | INFO | Chart updated successfully for message: {"message": "Buzz messages for everyone.", "author": "Charlie"}
2025-09-18 18:24:47 | INFO | Processed JSON message: {'message': 'Buzz messages for everyone.', 'author': 'Bob'}
2025-09-18 18:24:47 | INFO | Message received from author: Bob
2025-09-18 18:24:47 | INFO | Updated author counts: {'Eve': 6, 'Alice': 10, 'Charlie': 5, 'Diana': 11, 'Bob': 6}
2025-09-18 18:24:47 | INFO | Chart updated successfully for message: {"message": "Buzz messages for everyone.", "author": "Bob"}
2025-09-18 18:24:47 | INFO | Processed JSON message: {'message': 'Streaming data is fun.', 'author': 'Diana'}
2025-09-18 18:24:47 | INFO | Message received from author: Diana
